<?xml version="1.0" encoding="UTF-8"?>
<testng-results ignored="0" total="1" passed="1" failed="0" skipped="0">
  <reporter-output>
  </reporter-output>
  <suite started-at="2024-01-31T10:45:45 IST" name="Suite" finished-at="2024-01-31T10:46:22 IST" duration-ms="37637">
    <groups>
    </groups>
    <test started-at="2024-01-31T10:45:45 IST" name="Test" finished-at="2024-01-31T10:46:22 IST" duration-ms="37637">
      <class name="testController.TestController">
        <test-method is-config="true" signature="initBrowser()[pri:0, instance:testController.TestController@1a18644]" started-at="2024-01-31T10:45:45 IST" name="initBrowser" finished-at="2024-01-31T10:45:46 IST" duration-ms="1035" status="PASS">
          <reporter-output>
          </reporter-output>
        </test-method> <!-- initBrowser -->
        <test-method signature="TestCaseController()[pri:0, instance:testController.TestController@1a18644]" started-at="2024-01-31T10:45:46 IST" name="TestCaseController" finished-at="2024-01-31T10:46:22 IST" duration-ms="36554" status="PASS">
          <reporter-output>
          </reporter-output>
        </test-method> <!-- TestCaseController -->
        <test-method is-config="true" signature="quitBrowser()[pri:0, instance:testController.TestController@1a18644]" started-at="2024-01-31T10:46:22 IST" name="quitBrowser" finished-at="2024-01-31T10:46:22 IST" duration-ms="1" status="PASS">
          <reporter-output>
          </reporter-output>
        </test-method> <!-- quitBrowser -->
      </class> <!-- testController.TestController -->
    </test> <!-- Test -->
  </suite> <!-- Suite -->
</testng-results>
